DEB [20201216-01:48:01.486] thr=1   paramiko.transport.sftp: [chan 0] stat(b'documents')
DEB [20201216-01:48:01.502] thr=1   paramiko.transport.sftp: [chan 0] normalize(b'documents')
DEB [20201216-01:48:01.518] thr=1   paramiko.transport.sftp: [chan 0] stat(b'/home/data_feeder/documents/1')
DEB [20201216-01:48:01.534] thr=1   paramiko.transport.sftp: [chan 0] mkdir(b'/home/data_feeder/documents/1', 511)
DEB [20201216-01:48:01.551] thr=1   paramiko.transport.sftp: [chan 0] stat(b'/home/data_feeder/documents/1')
DEB [20201216-01:48:01.567] thr=1   paramiko.transport.sftp: [chan 0] normalize(b'/home/data_feeder/documents/1')
DEB [20201216-01:48:01.583] thr=1   paramiko.transport.sftp: [chan 0] open(b'/home/data_feeder/documents/1/page.pdf', 'wb')
DEB [20201216-01:48:01.599] thr=1   paramiko.transport.sftp: [chan 0] open(b'/home/data_feeder/documents/1/page.pdf', 'wb') -> 00000000
DEB [20201216-01:48:03.618] thr=1   paramiko.transport.sftp: [chan 0] close(00000000)
DEB [20201216-01:48:04.046] thr=1   paramiko.transport.sftp: [chan 0] stat(b'/home/data_feeder/documents/1/page.pdf')
INF [20201216-01:48:04.062] thr=1   paramiko.transport.sftp: [chan 0] sftp session closed.
DEB [20201216-01:48:04.062] thr=1   paramiko.transport: [chan 0] EOF sent (0)
DEB [20201216-01:48:04.078] thr=2   paramiko.transport: [chan 0] EOF received (0)
DEB [20201216-01:48:04.085] thr=3   paramiko.transport: starting thread (client mode): 0x7caac7c0
DEB [20201216-01:48:04.085] thr=3   paramiko.transport: Local version/idstring: SSH-2.0-paramiko_2.7.2
DEB [20201216-01:48:04.112] thr=3   paramiko.transport: Remote version/idstring: SSH-2.0-OpenSSH_7.4p1 Debian-10+deb9u2
INF [20201216-01:48:04.112] thr=3   paramiko.transport: Connected (version 2.0, client OpenSSH_7.4p1)
DEB [20201216-01:48:04.127] thr=3   paramiko.transport: kex algos:['curve25519-sha256', 'curve25519-sha256@libssh.org', 'ecdh-sha2-nistp256', 'ecdh-sha2-nistp384', 'ecdh-sha2-nistp521', 'diffie-hellman-group-exchange-sha256', 'diffie-hellman-group16-sha512', 'diffie-hellman-group18-sha512', 'diffie-hellman-group14-sha256', 'diffie-hellman-group14-sha1'] server key:['ssh-rsa', 'rsa-sha2-512', 'rsa-sha2-256', 'ecdsa-sha2-nistp256', 'ssh-ed25519'] client encrypt:['chacha20-poly1305@openssh.com', 'aes128-ctr', 'aes192-ctr', 'aes256-ctr', 'aes128-gcm@openssh.com', 'aes256-gcm@openssh.com'] server encrypt:['chacha20-poly1305@openssh.com', 'aes128-ctr', 'aes192-ctr', 'aes256-ctr', 'aes128-gcm@openssh.com', 'aes256-gcm@openssh.com'] client mac:['umac-64-etm@openssh.com', 'umac-128-etm@openssh.com', 'hmac-sha2-256-etm@openssh.com', 'hmac-sha2-512-etm@openssh.com', 'hmac-sha1-etm@openssh.com', 'umac-64@openssh.com', 'umac-128@openssh.com', 'hmac-sha2-256', 'hmac-sha2-512', 'hmac-sha1'] server mac:['umac-64-etm@openssh.com', 'umac-128-etm@openssh.com', 'hmac-sha2-256-etm@openssh.com', 'hmac-sha2-512-etm@openssh.com', 'hmac-sha1-etm@openssh.com', 'umac-64@openssh.com', 'umac-128@openssh.com', 'hmac-sha2-256', 'hmac-sha2-512', 'hmac-sha1'] client compress:['none', 'zlib@openssh.com'] server compress:['none', 'zlib@openssh.com'] client lang:[''] server lang:[''] kex follows?False
DEB [20201216-01:48:04.127] thr=3   paramiko.transport: Kex agreed: curve25519-sha256@libssh.org
DEB [20201216-01:48:04.127] thr=3   paramiko.transport: HostKey agreed: ssh-ed25519
DEB [20201216-01:48:04.127] thr=3   paramiko.transport: Cipher agreed: aes128-ctr
DEB [20201216-01:48:04.127] thr=3   paramiko.transport: MAC agreed: hmac-sha2-256
DEB [20201216-01:48:04.127] thr=3   paramiko.transport: Compression agreed: none
DEB [20201216-01:48:04.191] thr=3   paramiko.transport: kex engine KexCurve25519 specified hash_algo <built-in function openssl_sha256>
DEB [20201216-01:48:04.192] thr=3   paramiko.transport: Switch to new keys ...
DEB [20201216-01:48:04.192] thr=1   paramiko.transport: Attempting password auth...
DEB [20201216-01:48:04.262] thr=3   paramiko.transport: userauth is OK
INF [20201216-01:48:04.293] thr=3   paramiko.transport: Authentication (password) successful!
DEB [20201216-01:48:04.293] thr=1   paramiko.transport: [chan 0] Max packet in: 32768 bytes
DEB [20201216-01:48:04.308] thr=3   paramiko.transport: Received global request "hostkeys-00@openssh.com"
DEB [20201216-01:48:04.308] thr=3   paramiko.transport: Rejecting "hostkeys-00@openssh.com" global request from server.
DEB [20201216-01:48:04.365] thr=3   paramiko.transport: [chan 0] Max packet out: 32768 bytes
DEB [20201216-01:48:04.365] thr=3   paramiko.transport: Secsh channel 0 opened.
DEB [20201216-01:48:04.383] thr=3   paramiko.transport: [chan 0] Sesch channel 0 request ok
INF [20201216-01:48:04.399] thr=1   paramiko.transport.sftp: [chan 0] Opened sftp connection (server version 3)
DEB [20201216-01:48:04.399] thr=1   paramiko.transport.sftp: [chan 0] stat(b'documents')
DEB [20201216-01:48:04.414] thr=1   paramiko.transport.sftp: [chan 0] normalize(b'documents')
DEB [20201216-01:48:04.429] thr=1   paramiko.transport.sftp: [chan 0] stat(b'/home/data_feeder/documents/1')
DEB [20201216-01:48:04.443] thr=1   paramiko.transport.sftp: [chan 0] normalize(b'/home/data_feeder/documents/1')
DEB [20201216-01:48:04.458] thr=1   paramiko.transport.sftp: [chan 0] open(b'/home/data_feeder/documents/1/art.pdf', 'wb')
DEB [20201216-01:48:04.473] thr=1   paramiko.transport.sftp: [chan 0] open(b'/home/data_feeder/documents/1/art.pdf', 'wb') -> 00000000
DEB [20201216-01:48:06.109] thr=1   paramiko.transport.sftp: [chan 0] close(00000000)
DEB [20201216-01:48:06.588] thr=1   paramiko.transport.sftp: [chan 0] stat(b'/home/data_feeder/documents/1/art.pdf')
INF [20201216-01:48:06.604] thr=1   paramiko.transport.sftp: [chan 0] sftp session closed.
DEB [20201216-01:48:06.604] thr=1   paramiko.transport: [chan 0] EOF sent (0)
DEB [20201216-01:48:06.619] thr=3   paramiko.transport: [chan 0] EOF received (0)
